<?xml version="1.0" encoding="UTF-8"?>
<testsuites>
  <testsuite name="meliSDKTest" tests="9" assertions="21" failures="0" errors="0" time="0.080147">
    <testsuite name="InitSDKTest" file="/Library/WebServer/Documents/PHPSDK/tests/meli.php" tests="9" assertions="21" failures="0" errors="0" time="0.080147">
      <testcase name="testGetAuthUrl" class="InitSDKTest" file="/Library/WebServer/Documents/PHPSDK/tests/meli.php" line="23" assertions="1" time="0.017175"/>
      <testcase name="testAuthorize" class="InitSDKTest" file="/Library/WebServer/Documents/PHPSDK/tests/meli.php" line="31" assertions="3" time="0.016987"/>
      <testcase name="testRefreshAccessToken" class="InitSDKTest" file="/Library/WebServer/Documents/PHPSDK/tests/meli.php" line="47" assertions="4" time="0.009571"/>
      <testcase name="testGet" class="InitSDKTest" file="/Library/WebServer/Documents/PHPSDK/tests/meli.php" line="71" assertions="2" time="0.006450"/>
      <testcase name="testPost" class="InitSDKTest" file="/Library/WebServer/Documents/PHPSDK/tests/meli.php" line="83" assertions="2" time="0.006709"/>
      <testcase name="testPut" class="InitSDKTest" file="/Library/WebServer/Documents/PHPSDK/tests/meli.php" line="120" assertions="2" time="0.005775"/>
      <testcase name="testDelete" class="InitSDKTest" file="/Library/WebServer/Documents/PHPSDK/tests/meli.php" line="139" assertions="2" time="0.006258"/>
      <testcase name="testOptions" class="InitSDKTest" file="/Library/WebServer/Documents/PHPSDK/tests/meli.php" line="153" assertions="2" time="0.006249"/>
      <testcase name="testMakePath" class="InitSDKTest" file="/Library/WebServer/Documents/PHPSDK/tests/meli.php" line="165" assertions="3" time="0.004973"/>
    </testsuite>
  </testsuite>
</testsuites>
